
> my-v0-project@0.1.0 dev
> next dev

   ▲ Next.js 15.1.0
   - Local:        http://localhost:3000
   - Network:      http://192.168.100.211:3000
   - Experiments (use with caution):
     · webpackBuildWorker
     · parallelServerCompiles
     · parallelServerBuildTraces

 ✓ Starting...
 ✓ Ready in 931ms
 ○ Compiling / ...
 ✓ Compiled / in 1220ms (1088 modules)
 GET / 200 in 1437ms
 ✓ Compiled in 297ms (533 modules)
 ✓ Compiled in 39ms (519 modules)
 GET / 200 in 40ms
 ✓ Compiled in 132ms (533 modules)
 GET / 200 in 6ms
 ✓ Compiled /settings in 309ms (1111 modules)
 GET /settings 200 in 345ms
 GET / 200 in 27ms
